<?xml version="1.0" encoding="UTF-8"?>
<testng-results skipped="0" failed="0" ignored="0" total="1" passed="1">
  <reporter-output>
  </reporter-output>
  <suite name="softwaretestingmaterial" duration-ms="7092" started-at="2019-09-12T12:44:23Z" finished-at="2019-09-12T12:44:30Z">
    <groups>
    </groups>
    <test name="testngTest" duration-ms="7092" started-at="2019-09-12T12:44:23Z" finished-at="2019-09-12T12:44:30Z">
      <class name="PageTest.LoginPageTest">
        <test-method status="PASS" signature="readprop()[pri:0, instance:PageTest.LoginPageTest@cb51256]" name="readprop" is-config="true" duration-ms="7" started-at="2019-09-12T12:44:23Z" finished-at="2019-09-12T12:44:23Z">
          <reporter-output>
          </reporter-output>
        </test-method> <!-- readprop -->
        <test-method status="PASS" signature="instantiateDriver()[pri:0, instance:PageTest.LoginPageTest@cb51256]" name="instantiateDriver" is-config="true" duration-ms="2785" started-at="2019-09-12T12:44:23Z" finished-at="2019-09-12T12:44:25Z">
          <reporter-output>
          </reporter-output>
        </test-method> <!-- instantiateDriver -->
        <test-method status="PASS" signature="LoginTest()[pri:0, instance:PageTest.LoginPageTest@cb51256]" name="LoginTest" duration-ms="4290" started-at="2019-09-12T12:44:25Z" finished-at="2019-09-12T12:44:30Z">
          <reporter-output>
          </reporter-output>
        </test-method> <!-- LoginTest -->
        <test-method status="PASS" signature="teardown()[pri:0, instance:PageTest.LoginPageTest@cb51256]" name="teardown" is-config="true" duration-ms="894" started-at="2019-09-12T12:44:30Z" finished-at="2019-09-12T12:44:31Z">
          <reporter-output>
          </reporter-output>
        </test-method> <!-- teardown -->
      </class> <!-- PageTest.LoginPageTest -->
    </test> <!-- testngTest -->
  </suite> <!-- softwaretestingmaterial -->
</testng-results>
